\BOOKMARK [0][-]{chapter.1}{Task\0401:\040Topic\040Approval}{}% 1
\BOOKMARK [1][-]{section.1.1}{Choosing\040a\040Topic}{chapter.1}% 2
\BOOKMARK [2][-]{subsection.1.1.1}{Data}{section.1.1}% 3
\BOOKMARK [2][-]{subsection.1.1.2}{Machine\040Learning\040Algorithms}{section.1.1}% 4
\BOOKMARK [3][-]{subsubsection*.5}{Supervised\040Learning}{subsection.1.1.2}% 5
\BOOKMARK [3][-]{subsubsection*.7}{Unsupervised\040Learning}{subsection.1.1.2}% 6
\BOOKMARK [3][-]{subsubsection*.8}{Reinforced\040Learning}{subsection.1.1.2}% 7
\BOOKMARK [2][-]{subsection.1.1.3}{Where\040to\040start?\040Data\040or\040the\040ML\040algorithm?}{section.1.1}% 8
\BOOKMARK [2][-]{subsection.1.1.4}{Examples}{section.1.1}% 9
\BOOKMARK [3][-]{subsubsection*.9}{Topic\040Summary\040Examples}{subsection.1.1.4}% 10
\BOOKMARK [3][-]{subsubsection*.10}{Completed\040Examples}{subsection.1.1.4}% 11
\BOOKMARK [4][-]{paragraph*.12}{WGU\040Capstone\040Excellence\040Archive}{subsubsection*.10}% 12
\BOOKMARK [1][-]{section.1.2}{Topic\040Approval}{chapter.1}% 13
\BOOKMARK [1][-]{section.1.3}{Waiver\040Form}{chapter.1}% 14
\BOOKMARK [1][-]{section.1.4}{FAQ}{chapter.1}% 15
\BOOKMARK [2][-]{subsection.1.4.1}{Do\040I\040need\040to\040set\040up\040an\040appointment\040to\040get\040approval?}{section.1.4}% 16
\BOOKMARK [2][-]{subsection.1.4.2}{I\040have\040questions.\040Should\040I\040email\040the\040question\040or\040set\040up\040an\040appointment?}{section.1.4}% 17
\BOOKMARK [2][-]{subsection.1.4.3}{What\040if\040I\040start\040working\040on\040task\0402\040and\040want\040to\040change\040things?\040Do\040I\040need\040to\040resubmit\040task\0401?}{section.1.4}% 18
\BOOKMARK [2][-]{subsection.1.4.4}{Can\040I\040use\040projects\040from\040other\040WGU\040courses?}{section.1.4}% 19
\BOOKMARK [2][-]{subsection.1.4.5}{Can\040I\040use\040my\040C950\040project\040for\040C964?}{section.1.4}% 20
\BOOKMARK [2][-]{subsection.1.4.6}{Can\040I\040use\040my\040C951\040task\0403?\040Should\040I\040use\040it?}{section.1.4}% 21
\BOOKMARK [2][-]{subsection.1.4.7}{The\040rubric\040refers\040to\040the\040task\040directions\040which\040seem\040to\040require\040redundant\040or\040unnecessary\040items.\040What\040do\040I\040actually\040need\040to\040do?}{section.1.4}% 22
\BOOKMARK [2][-]{subsection.1.4.8}{The\040official\040learning\040resource\040seems\040to\040include\040documentation\040items\040not\040included\040on\040this\040webpage.\040Which\040should\040I\040follow?}{section.1.4}% 23
\BOOKMARK [2][-]{subsection.1.4.9}{\376\377\000H\000e\000l\000p\000!\000\040\000I\040\031\000v\000e\000\040\000n\000e\000v\000e\000r\000\040\000c\000o\000d\000e\000d\000\040\000a\000\040\000m\000a\000c\000h\000i\000n\000e\000\040\000l\000e\000a\000r\000n\000i\000n\000g\000\040\000p\000r\000o\000j\000e\000c\000t\000.\000\040\000F\000o\000r\000\040\000C\0009\0005\0001\000\040\000t\000a\000s\000k\000\040\0003\000,\000\040\000I\000\040\000o\000n\000l\000y\000\040\000h\000a\000d\000\040\000t\000o\000\040\000w\000r\000i\000t\000e\000\040\000a\000b\000o\000u\000t\000\040\000M\000a\000c\000h\000i\000n\000e\000\040\000L\000e\000a\000r\000n\000i\000n\000g\000.\000\040\000W\000h\000e\000r\000e\000\040\000d\000o\000\040\000I\000\040\000l\000e\000a\000r\000n\000\040\000t\000h\000i\000s\000?}{section.1.4}% 24
\BOOKMARK [2][-]{subsection.1.4.10}{\376\377\000D\000o\000\040\000I\000\040\000n\000e\000e\000d\000\040\000a\000n\000\040\040\034\000e\000l\000e\000c\000t\000r\000o\000n\000i\000c\000\040\000s\000i\000g\000n\000a\000t\000u\000r\000e\040\035\000\040\000a\000s\000\040\000s\000p\000e\000c\000i\000f\000i\000e\000d\000\040\000i\000n\000\040\000t\000h\000e\000\040\000o\000f\000f\000i\000c\000i\000a\000l\000\040\000r\000u\000b\000r\000i\000c\000?}{section.1.4}% 25
\BOOKMARK [2][-]{subsection.1.4.11}{What\040are\040the\040common\040reasons\040for\040task\0401\040being\040returned?}{section.1.4}% 26
\BOOKMARK [2][-]{subsection.1.4.12}{How\040many\040attempts\040are\040allowed\040for\040each\040task?}{section.1.4}% 27
\BOOKMARK [2][-]{subsection.1.4.13}{What\040is\040a\040descriptive\040method?}{section.1.4}% 28
\BOOKMARK [2][-]{subsec